{
  "timestamp": "2022-11-17 16:00:50.447617",
  "device_info": {
    "serial_number": "AEkAJjdTUA0gMjlC",
    "model": "800",
    "git_hash": "26e636ddb36b702a361291b0ab842acd881f281b",
    "git_dirty": false,
    "git_timestamp": 1659560860,
    "uuid": "e8c3b4a2-14a8-46c4-998a-d0658d3a51a3"
  },
  "calibration": {
    "invert": false,
    "phase_invert": true,
    "poles": 28,
    "offset": [
      0.3540854962127672,
      0.3191027239134589,
      0.34527369244333844,
      0.3596416815053421,
      0.3301417799068584,
      0.3215496233681787,
      0.3219479441213228,
      0.3330217320242289,
      0.3626566842522599,
      0.3592679718163382,
      0.34461570032736566,
      0.37953454207655735,
      0.40285329487826466,
      0.3834914581687109,
      0.3892611170404901,
      0.3930165657274639,
      0.38069632754441146,
      0.4060902591830624,
      0.3910778539464539,
      0.35948545084593786,
      0.3686515297695316,
      0.3577331539704577,
      0.35256861118933985,
      0.3625703637269611,
      0.3416276879701241,
      0.3413189406253671,
      0.36712762576665764,
      0.34779647230754107,
      0.3422144416691309,
      0.3362848971423259,
      0.3208800347283897,
      0.33549439651711904,
      0.33834445794851986,
      0.3083594550472494,
      0.31882109664136493,
      0.32210481389348455,
      0.3036295824442397,
      0.31107658817481204,
      0.3162017715988925,
      0.31834693906418565,
      0.3461274243937455,
      0.354529283976556,
      0.3476412101598876,
      0.3783734657529896,
      0.40201403664880025,
      0.38765220209769063,
      0.3972048819905985,
      0.39578881066051697,
      0.3923084692924872,
      0.4170833278593152,
      0.39683817376795816,
      0.3651404110666591,
      0.3976819560848136,
      0.4020846457505973,
      0.3907843085672789,
      0.3909724443367885,
      0.36960737286280027,
      0.3867465069721351,
      0.4157284444539709,
      0.37758341107124316,
      0.35943676836852256,
      0.3737998809649417,
      0.3780367227699966,
      0.37504685413582195
    ]
  },
  "winding_resistance": 0.03669001484175312,
  "inductance": 1.4087364818041362e-05,
  "pid_dq_kp": 0.017702704728319224,
  "pid_dq_ki": 46.10603243478083,
  "torque_bw_hz": 200.0,
  "encoder_filter_bw_hz": 400.0,
  "encoder_filter_kp": 5026.548245743669,
  "encoder_filter_ki": 6316546.81669719,
  "v_per_hz": 0.08750305799639513,
  "kv": 342.8451609226721,
  "unwrapped_position_scale": 1.0
}
